<?xml version="1.0" encoding="UTF-8"?>
<testng-results ignored="0" total="1" passed="1" failed="0" skipped="0">
  <reporter-output>
  </reporter-output>
  <suite started-at="2022-10-12T17:20:23 IST" name="Default suite" finished-at="2022-10-12T17:20:23 IST" duration-ms="111">
    <groups>
    </groups>
    <test started-at="2022-10-12T17:20:23 IST" name="Default test" finished-at="2022-10-12T17:20:23 IST" duration-ms="111">
      <class name="Sample_project.StateCityArea">
        <test-method signature="stateCityAreaTest()[pri:0, instance:Sample_project.StateCityArea@71ba6d4e]" started-at="2022-10-12T17:20:23 IST" name="stateCityAreaTest" finished-at="2022-10-12T17:20:23 IST" duration-ms="24" status="PASS">
          <reporter-output>
          </reporter-output>
        </test-method> <!-- stateCityAreaTest -->
      </class> <!-- Sample_project.StateCityArea -->
    </test> <!-- Default test -->
  </suite> <!-- Default suite -->
</testng-results>
